Using cuda
enter training
#Frame: 10000, preparing replay buffer
#Frame: 20000, Loss: 0.007025
Last-10 average reward: -19.200000
#Frame: 30000, Loss: 0.005744
Last-10 average reward: -18.800000
#Frame: 40000, Loss: 0.005239
Last-10 average reward: -16.900000
#Frame: 50000, Loss: 0.005036
Last-10 average reward: -15.700000
#Frame: 60000, Loss: 0.005780
Last-10 average reward: -13.500000
#Frame: 70000, Loss: 0.005887
Last-10 average reward: -8.000000
#Frame: 80000, Loss: 0.005842
Last-10 average reward: -4.900000
#Frame: 90000, Loss: 0.005737
Last-10 average reward: -1.700000
#Frame: 100000, Loss: 0.005622
Last-10 average reward: -0.400000
100000'th iteration:
        model saved
#Frame: 110000, Loss: 0.005855
Last-10 average reward: 4.600000
#Frame: 120000, Loss: 0.005861
Last-10 average reward: 7.800000
#Frame: 130000, Loss: 0.005799
Last-10 average reward: 9.800000
#Frame: 140000, Loss: 0.005697
Last-10 average reward: 7.800000
#Frame: 150000, Loss: 0.005585
Last-10 average reward: 5.300000
#Frame: 160000, Loss: 0.005618
Last-10 average reward: 6.600000
#Frame: 170000, Loss: 0.005557
Last-10 average reward: 7.700000
#Frame: 180000, Loss: 0.005463
Last-10 average reward: 10.100000
#Frame: 190000, Loss: 0.005356
Last-10 average reward: 9.200000
#Frame: 200000, Loss: 0.005249
Last-10 average reward: 9.400000
200000'th iteration:
        model saved
#Frame: 210000, Loss: 0.005246
Last-10 average reward: 6.700000
#Frame: 220000, Loss: 0.005183
Last-10 average reward: 5.700000
#Frame: 230000, Loss: 0.005117
Last-10 average reward: 3.700000
#Frame: 240000, Loss: 0.005052
Last-10 average reward: 4.000000
#Frame: 250000, Loss: 0.004982
Last-10 average reward: 3.200000
#Frame: 260000, Loss: 0.005021
Last-10 average reward: 1.500000
#Frame: 270000, Loss: 0.005004
Last-10 average reward: 2.800000
#Frame: 280000, Loss: 0.004966
Last-10 average reward: 10.800000
#Frame: 290000, Loss: 0.004917
Last-10 average reward: 13.300000
#Frame: 300000, Loss: 0.004868
Last-10 average reward: 10.200000
300000'th iteration:
        model saved
#Frame: 310000, Loss: 0.004893
Last-10 average reward: 12.100000
#Frame: 320000, Loss: 0.004858
Last-10 average reward: 16.500000
#Frame: 330000, Loss: 0.004801
Last-10 average reward: 16.900000
#Frame: 340000, Loss: 0.004740
Last-10 average reward: 15.400000
#Frame: 350000, Loss: 0.004673
Last-10 average reward: 14.600000
#Frame: 360000, Loss: 0.004647
Last-10 average reward: 17.100000
#Frame: 370000, Loss: 0.004586
Last-10 average reward: 18.300000
#Frame: 380000, Loss: 0.004522
Last-10 average reward: 16.500000
#Frame: 390000, Loss: 0.004464
Last-10 average reward: 12.200000
#Frame: 400000, Loss: 0.004407
Last-10 average reward: 9.200000
400000'th iteration:
        model saved
#Frame: 410000, Loss: 0.004383
Last-10 average reward: 13.700000
#Frame: 420000, Loss: 0.004335
Last-10 average reward: 18.100000
#Frame: 430000, Loss: 0.004282
Last-10 average reward: 18.100000
#Frame: 440000, Loss: 0.004227
Last-10 average reward: 17.300000
#Frame: 450000, Loss: 0.004175
Last-10 average reward: 16.400000
#Frame: 460000, Loss: 0.004146
Last-10 average reward: 17.800000
#Frame: 470000, Loss: 0.004099
Last-10 average reward: 18.100000
#Frame: 480000, Loss: 0.004048
Last-10 average reward: 17.800000
#Frame: 490000, Loss: 0.003996
Last-10 average reward: 18.200000
#Frame: 500000, Loss: 0.003940
Last-10 average reward: 18.400000
500000'th iteration:
        model saved
#Frame: 510000, Loss: 0.003907
Last-10 average reward: 17.300000
#Frame: 520000, Loss: 0.003861
Last-10 average reward: 17.300000
#Frame: 530000, Loss: 0.003811
Last-10 average reward: 19.200000
#Frame: 540000, Loss: 0.003759
Last-10 average reward: 19.500000
#Frame: 550000, Loss: 0.003707
Last-10 average reward: 18.700000
#Frame: 560000, Loss: 0.003675
Last-10 average reward: 18.100000
#Frame: 570000, Loss: 0.003631
Last-10 average reward: 17.900000
#Frame: 580000, Loss: 0.003586
Last-10 average reward: 17.700000
#Frame: 590000, Loss: 0.003541
Last-10 average reward: 18.200000
#Frame: 600000, Loss: 0.003499
Last-10 average reward: 16.800000
600000'th iteration:
        model saved
#Frame: 610000, Loss: 0.003472
Last-10 average reward: 17.500000
#Frame: 620000, Loss: 0.003432
Last-10 average reward: 19.000000
#Frame: 630000, Loss: 0.003392
Last-10 average reward: 18.900000
#Frame: 640000, Loss: 0.003352
Last-10 average reward: 18.000000
#Frame: 650000, Loss: 0.003315
Last-10 average reward: 18.000000
#Frame: 660000, Loss: 0.003291
Last-10 average reward: 17.800000
#Frame: 670000, Loss: 0.003260
Last-10 average reward: 18.300000
#Frame: 680000, Loss: 0.003228
Last-10 average reward: 16.700000
#Frame: 690000, Loss: 0.003197
Last-10 average reward: 16.800000
#Frame: 700000, Loss: 0.003167
Last-10 average reward: 17.300000
700000'th iteration:
        model saved
#Frame: 710000, Loss: 0.003148
Last-10 average reward: 17.800000
#Frame: 720000, Loss: 0.003120
Last-10 average reward: 18.900000
#Frame: 730000, Loss: 0.003090
Last-10 average reward: 19.100000
#Frame: 740000, Loss: 0.003061
Last-10 average reward: 18.100000
#Frame: 750000, Loss: 0.003033
Last-10 average reward: 17.900000
#Frame: 760000, Loss: 0.003015
Last-10 average reward: 18.200000
#Frame: 770000, Loss: 0.002989
Last-10 average reward: 18.500000
#Frame: 780000, Loss: 0.002963
Last-10 average reward: 19.000000
#Frame: 790000, Loss: 0.002935
Last-10 average reward: 18.500000
#Frame: 800000, Loss: 0.002908
Last-10 average reward: 18.300000
800000'th iteration:
        model saved
#Frame: 810000, Loss: 0.002890
Last-10 average reward: 17.700000
#Frame: 820000, Loss: 0.002867
Last-10 average reward: 17.400000
#Frame: 830000, Loss: 0.002844
Last-10 average reward: 17.400000
#Frame: 840000, Loss: 0.002821
Last-10 average reward: 16.500000
#Frame: 850000, Loss: 0.002798
Last-10 average reward: 16.500000
#Frame: 860000, Loss: 0.002790
Last-10 average reward: 17.900000
#Frame: 870000, Loss: 0.002773
Last-10 average reward: 18.100000
#Frame: 880000, Loss: 0.002754
Last-10 average reward: 18.300000
#Frame: 890000, Loss: 0.002733
Last-10 average reward: 19.900000
#Frame: 900000, Loss: 0.002712
Last-10 average reward: 19.200000
900000'th iteration:
        model saved
#Frame: 910000, Loss: 0.002703
Last-10 average reward: 18.700000
#Frame: 920000, Loss: 0.002686
Last-10 average reward: 19.100000
#Frame: 930000, Loss: 0.002668
Last-10 average reward: 18.600000
#Frame: 940000, Loss: 0.002649
Last-10 average reward: 18.900000
#Frame: 950000, Loss: 0.002629
Last-10 average reward: 19.300000
#Frame: 960000, Loss: 0.002618
Last-10 average reward: 19.400000
#Frame: 970000, Loss: 0.002600
Last-10 average reward: 19.200000
#Frame: 980000, Loss: 0.002581
Last-10 average reward: 18.800000
#Frame: 990000, Loss: 0.002563
Last-10 average reward: 18.800000
#Frame: 1000000, Loss: 0.002545
Last-10 average reward: 18.300000
1000000'th iteration:
        model saved
